<?xml version="1.0" encoding="UTF-8"?>
<!-- Generated by org.testng.reporters.JUnitXMLReporter -->
<testsuite hostname="DESKTOP-EPDUMMG" ignored="0" name="Default test" tests="4" failures="0" timestamp="2020-03-16T08:57:18 CET" time="75.844" errors="0">
  <testcase name="startAppTest" time="6.034" classname="package_project2.TestExe"/>
  <testcase name="LoginPageTest" time="16.61" classname="package_project2.TestExe"/>
  <testcase name="gmailAutomationTest" time="44.968" classname="package_project2.TestExe"/>
  <testcase name="loggedInAdmin" time="1.767" classname="package_project2.TestExe"/>
</testsuite> <!-- Default test -->
