<?xml version="1.0" encoding="UTF-8"?>
<testng-results skipped="0" failed="0" ignored="0" total="1" passed="1">
  <reporter-output>
  </reporter-output>
  <suite name="package_project2.TestExe" duration-ms="12621" started-at="2020-02-24T08:56:21 CET" finished-at="2020-02-24T08:56:33 CET">
    <groups>
    </groups>
    <test name="Command line test" duration-ms="12621" started-at="2020-02-24T08:56:21 CET" finished-at="2020-02-24T08:56:33 CET">
      <class name="package_project2.TestExe">
        <test-method status="PASS" signature="openBrowserTest()[pri:0, instance:package_project2.TestExe@13deb50e]" name="openBrowserTest" is-config="true" duration-ms="6407" started-at="2020-02-24T08:56:21 CET" finished-at="2020-02-24T08:56:27 CET">
          <reporter-output>
          </reporter-output>
        </test-method> <!-- openBrowserTest -->
        <test-method status="PASS" signature="startAppTest()[pri:1, instance:package_project2.TestExe@13deb50e]" name="startAppTest" duration-ms="6178" started-at="2020-02-24T08:56:27 CET" finished-at="2020-02-24T08:56:33 CET">
          <reporter-output>
          </reporter-output>
        </test-method> <!-- startAppTest -->
      </class> <!-- package_project2.TestExe -->
    </test> <!-- Command line test -->
  </suite> <!-- package_project2.TestExe -->
</testng-results>
