<?xml version="1.0" encoding="UTF-8"?>
<testng-results skipped="0" failed="0" ignored="0" total="1" passed="1">
  <reporter-output>
  </reporter-output>
  <suite name="package_project2.TestExe" duration-ms="12727" started-at="2020-02-26T14:59:12 CET" finished-at="2020-02-26T14:59:25 CET">
    <groups>
    </groups>
    <test name="Command line test" duration-ms="12727" started-at="2020-02-26T14:59:12 CET" finished-at="2020-02-26T14:59:25 CET">
      <class name="package_project2.TestExe">
        <test-method status="PASS" signature="openBrowserTest()[pri:0, instance:package_project2.TestExe@6fd02e5]" name="openBrowserTest" is-config="true" duration-ms="6900" started-at="2020-02-26T14:59:12 CET" finished-at="2020-02-26T14:59:19 CET">
          <reporter-output>
          </reporter-output>
        </test-method> <!-- openBrowserTest -->
        <test-method status="PASS" signature="startAppTest()[pri:1, instance:package_project2.TestExe@6fd02e5]" name="startAppTest" duration-ms="5778" started-at="2020-02-26T14:59:19 CET" finished-at="2020-02-26T14:59:25 CET">
          <reporter-output>
          </reporter-output>
        </test-method> <!-- startAppTest -->
      </class> <!-- package_project2.TestExe -->
    </test> <!-- Command line test -->
  </suite> <!-- package_project2.TestExe -->
</testng-results>
